<?xml version="1.0" encoding="UTF-8"?>
<testsuite name="com.indianstatecensusanalyser.StatecensusAnalyserTest" tests="1" skipped="0" failures="0" errors="0" timestamp="2019-11-30T10:19:23" hostname="admin1-desktop" time="0.002">
  <properties/>
  <testcase name="when_Read_CSV_File_Count_Records_Should_Return_True" classname="com.indianstatecensusanalyser.StatecensusAnalyserTest" time="0.002"/>
  <system-out><![CDATA[]]></system-out>
  <system-err><![CDATA[]]></system-err>
</testsuite>
