<?xml version="1.0" encoding="UTF-8"?>
<testsuite name="com.indianstatecensusanalyser.StatecensusAnalyserTest" tests="1" skipped="0" failures="0" errors="0" timestamp="2019-12-02T11:51:56" hostname="admin1-desktop" time="0.135">
  <properties/>
  <testcase name="givenMessage_WhenWrongFileType_InStateCensus_ShouldThrowRunTimeException" classname="com.indianstatecensusanalyser.StatecensusAnalyserTest" time="0.135"/>
  <system-out><![CDATA[null
0
null
0
null
0
null
0
null
0
null
0
null
0
null
0
null
0
null
0
null
0
null
0
null
0
null
0
null
0
null
0
null
0
null
0
null
0
null
0
null
0
null
0
null
0
null
0
null
0
null
0
null
0
null
0
null
0
]]></system-out>
  <system-err><![CDATA[]]></system-err>
</testsuite>
