<?xml version="1.0" encoding="UTF-8"?>
<testsuite name="com.indianstatecensusanalyser.StatecensusAnalyserTest" tests="1" skipped="0" failures="0" errors="0" timestamp="2019-11-30T11:27:26" hostname="admin1-desktop" time="0.051">
  <properties/>
  <testcase name="whenReadCSVFile_" classname="com.indianstatecensusanalyser.StatecensusAnalyserTest" time="0.051"/>
  <system-out><![CDATA[]]></system-out>
  <system-err><![CDATA[]]></system-err>
</testsuite>
