<?xml version="1.0" encoding="UTF-8"?>
<testsuite name="com.indianstatecensusanalyser.StatecensusAnalyserTest" tests="1" skipped="0" failures="0" errors="0" timestamp="2019-12-04T03:50:18" hostname="admin1-desktop" time="0.279">
  <properties/>
  <testcase name="givenMessage_JasonFile_ForArea_ShoulsReturnlargetStateToSmallest" classname="com.indianstatecensusanalyser.StatecensusAnalyserTest" time="0.279"/>
  <system-out><![CDATA[[StateCensus{state='Arunachal Pradesh', population=1382611, areaInSqKm=0, densityPerSqKm=0}, StateCensus{state='Goa', population=1457723, areaInSqKm=3702, densityPerSqKm=394}, StateCensus{state='Sikkim', population=607688, areaInSqKm=7096, densityPerSqKm=86}, StateCensus{state='Tripura', population=3671032, areaInSqKm=10486, densityPerSqKm=350}, StateCensus{state='Nagaland', population=1980602, areaInSqKm=16579, densityPerSqKm=119}, StateCensus{state='Mizoram', population=1091014, areaInSqKm=21081, densityPerSqKm=52}, StateCensus{state='Manipur', population=2721756, areaInSqKm=22327, densityPerSqKm=122}, StateCensus{state='Meghalaya', population=2964007, areaInSqKm=22429, densityPerSqKm=132}, StateCensus{state='Kerala', population=33387677, areaInSqKm=38863, densityPerSqKm=859}, StateCensus{state='Haryana', population=25353081, areaInSqKm=44212, densityPerSqKm=573}, StateCensus{state='Punjab', population=27704236, areaInSqKm=50362, densityPerSqKm=550}, StateCensus{state='Uttarakhand', population=10116752, areaInSqKm=53483, densityPerSqKm=189}, StateCensus{state='Himachal Pradesh', population=6864602, areaInSqKm=55673, densityPerSqKm=123}, StateCensus{state='Assam', population=31169272, areaInSqKm=78438, densityPerSqKm=397}, StateCensus{state='Jharkhand', population=32966238, areaInSqKm=79714, densityPerSqKm=414}, StateCensus{state='West Bengal', population=91347736, areaInSqKm=88752, densityPerSqKm=1029}, StateCensus{state='Bihar', population=103804637, areaInSqKm=94163, densityPerSqKm=1102}, StateCensus{state='Telangana', population=35286757, areaInSqKm=114840, densityPerSqKm=307}, StateCensus{state='Tamil Nadu', population=72138958, areaInSqKm=130058, densityPerSqKm=555}, StateCensus{state='Chattisgarh', population=25540196, areaInSqKm=135191, densityPerSqKm=189}, StateCensus{state='Odisha', population=41947358, areaInSqKm=155707, densityPerSqKm=269}, StateCensus{state='Andhra Pradesh', population=49386799, areaInSqKm=162968, densityPerSqKm=303}, StateCensus{state='Karnataka', population=61130704, areaInSqKm=191791, densityPerSqKm=319}, StateCensus{state='Gujarat', population=60383628, areaInSqKm=196024, densityPerSqKm=308}, StateCensus{state='Jammu and Kashmir', population=12548926, areaInSqKm=222236, densityPerSqKm=57}, StateCensus{state='Uttar Pradesh', population=199812341, areaInSqKm=240928, densityPerSqKm=828}, StateCensus{state='Maharashta', population=112372972, areaInSqKm=307713, densityPerSqKm=365}, StateCensus{state='Madhya Pradesh', population=72597565, areaInSqKm=308245, densityPerSqKm=236}, StateCensus{state='Rajasthan', population=68621012, areaInSqKm=342239, densityPerSqKm=201}]
]]></system-out>
  <system-err><![CDATA[]]></system-err>
</testsuite>
