<?xml version="1.0" encoding="UTF-8"?>
<testsuite name="com.indianstatecensusanalyser.StatecensusAnalyserTest" tests="1" skipped="0" failures="0" errors="0" timestamp="2019-12-02T07:07:27" hostname="admin1-desktop" time="0.06">
  <properties/>
  <testcase name="givenMessage_WhenWrongHeader_ShouldThrowRunTimeException" classname="com.indianstatecensusanalyser.StatecensusAnalyserTest" time="0.06"/>
  <system-out><![CDATA[]]></system-out>
  <system-err><![CDATA[]]></system-err>
</testsuite>
