<?xml version="1.0" encoding="UTF-8"?>
<testsuite name="com.indianstatecensusanalyser.StatecensusAnalyserTest" tests="1" skipped="0" failures="0" errors="0" timestamp="2019-11-30T06:47:09" hostname="admin1-desktop" time="0.058">
  <properties/>
  <testcase name="checkToEnsure_NumberOfRecordsMatches" classname="com.indianstatecensusanalyser.StatecensusAnalyserTest" time="0.058"/>
  <system-out><![CDATA[]]></system-out>
  <system-err><![CDATA[]]></system-err>
</testsuite>
